
POST /api/auth/login 26-01-2022_08:40:26
POST /api/auth/login 27-01-2022_06:18:15
POST /api/auth/login 27-01-2022_06:18:36
POST /api/auth/login 27-01-2022_06:26:20
POST /api/auth/login 27-01-2022_06:28:48
POST /api/auth/login 27-01-2022_06:29:13
POST /api/auth/login 27-01-2022_06:29:38
POST /api/auth/login 27-01-2022_06:30:25
POST /api/auth/login 27-01-2022_06:30:45
GET / 28-01-2022_06:30:02
GET /contact/ 28-01-2022_06:30:20
GET /api/contacts/ 28-01-2022_06:30:46
GET /api/contacts/61e641af2a7a9b29ea65f776 28-01-2022_06:31:51
GET /api/contacts/61e641af2a7a9b29ea65f77 28-01-2022_06:31:56
GET /api/contacts/61e641af2a7a9b29ea65f776 28-01-2022_06:32:46
GET /api/contacts/61e641af2a7a9b29ea65f77 28-01-2022_06:32:53
GET /api/contacts/61e641af2a7a9b29ea65f77 28-01-2022_06:34:32
GET /api/contacts/61e641af2a7a9b29ea65f77 28-01-2022_06:34:36
GET /api/contacts/61e641af2a7a9b29ea65f776 28-01-2022_06:34:39
POST /api/contacts/ 28-01-2022_06:36:42
GET /api/contacts/ 28-01-2022_06:36:51
DELETE /api/contacts/61f41b9a260ebb71c13559c2 28-01-2022_06:37:36
GET /api/contacts/ 28-01-2022_06:37:47
GET /api/contacts/ 28-01-2022_06:43:48
GET /api/users/current 28-01-2022_07:03:57
GET /api/auth/login 28-01-2022_07:40:44
GET /api/auth/login 28-01-2022_07:41:09
GET /api/auth/login 28-01-2022_07:41:19
POST /api/auth/singup 28-01-2022_07:51:04
POST /api/auth/login 28-01-2022_07:51:35
POST /api/user/current 28-01-2022_07:51:56
POST /api/user/current 28-01-2022_07:52:03
POST /api/users/current 28-01-2022_07:52:31
POST /api/users/current 28-01-2022_07:52:51
POST /api/users/current 28-01-2022_07:53:03
POST /api/users/current 28-01-2022_07:54:37
POST /api/users/current 28-01-2022_08:26:52
GET /api/users/current 28-01-2022_08:42:42
GET /api/users/current 28-01-2022_08:42:50
GET /api/users/current 28-01-2022_08:42:51
GET /api/users/current 28-01-2022_08:42:52
GET /api/users/current 28-01-2022_08:42:52
GET /api/users/current 28-01-2022_08:42:53
POST /api/auth/login 28-01-2022_08:43:10
GET /api/users/current 28-01-2022_08:43:33
POST /api/auth/login 28-01-2022_08:53:28
POST /api/auth/login 28-01-2022_08:53:32
POST /api/auth/login 28-01-2022_08:53:38
POST /api/auth/login 28-01-2022_08:53:40
POST /api/auth/login 28-01-2022_08:53:41
GET /api/users/current 28-01-2022_08:57:09
GET /api/users/current 28-01-2022_09:11:02
GET /api/users/current 28-01-2022_09:15:29